
> @antdv-next1/route-utils@1.0.2 build /Users/songchao/Desktop/pro-components/packages/route-utils
> tsdown

[34mℹ[39m [34mtsdown v0.21.10[39m powered by [38;2;255;126;23mrolldown v1.0.0-rc.17[39m
[34mℹ[39m config file: [4m/Users/songchao/Desktop/pro-components/packages/route-utils/tsdown.config.ts[24m 
(node:29866) ExperimentalWarning: Type Stripping is an experimental feature and might change at any time
(Use `node --trace-warnings ...` to show where the warning was created)
[34mℹ[39m entry: [34msrc/index.ts, src/path-to-regexp.ts, src/sha265.ts, src/typing.ts, src/getFlatMenus/index.ts, src/getMatchMenu/index.ts, src/transformRoute/index.ts[39m
[34mℹ[39m tsconfig: [34mtsconfig.json[39m
[34mℹ[39m Build start
[34mℹ[39m Cleaning 17 files
[34mℹ[39m [2mdist/[22m[1mpath-to-regexp.js[22m          [2m10.83 kB[22m [2m│ gzip: 3.20 kB[22m
[34mℹ[39m [2mdist/[22m[1mtransformRoute/index.js[22m    [2m 6.23 kB[22m [2m│ gzip: 2.25 kB[22m
[34mℹ[39m [2mdist/[22m[1msha265.js[22m                  [2m 4.68 kB[22m [2m│ gzip: 1.73 kB[22m
[34mℹ[39m [2mdist/[22m[1mgetMatchMenu/index.js[22m      [2m 1.94 kB[22m [2m│ gzip: 0.84 kB[22m
[34mℹ[39m [2mdist/[22m[1mgetFlatMenus/index.js[22m      [2m 0.68 kB[22m [2m│ gzip: 0.40 kB[22m
[34mℹ[39m [2mdist/[22m[1mindex.js[22m                   [2m 0.66 kB[22m [2m│ gzip: 0.26 kB[22m
[34mℹ[39m [2mdist/[22m[1mtyping.js[22m                  [2m 0.01 kB[22m [2m│ gzip: 0.03 kB[22m
[34mℹ[39m [2mdist/[22m[32m[1mpath-to-regexp.d.ts[22m[39m        [2m 4.31 kB[22m [2m│ gzip: 1.35 kB[22m
[34mℹ[39m [2mdist/[22m[32m[1mindex.d.ts[22m[39m                 [2m 1.08 kB[22m [2m│ gzip: 0.35 kB[22m
[34mℹ[39m [2mdist/[22m[32m[1mtyping.d.ts[22m[39m                [2m 0.82 kB[22m [2m│ gzip: 0.41 kB[22m
[34mℹ[39m [2mdist/[22m[32m[1mtransformRoute/index.d.ts[22m[39m  [2m 0.74 kB[22m [2m│ gzip: 0.42 kB[22m
[34mℹ[39m [2mdist/[22m[32m[1mgetMatchMenu/index.d.ts[22m[39m    [2m 0.56 kB[22m [2m│ gzip: 0.34 kB[22m
[34mℹ[39m [2mdist/[22m[32m[1mgetFlatMenus/index.d.ts[22m[39m    [2m 0.28 kB[22m [2m│ gzip: 0.23 kB[22m
[34mℹ[39m [2mdist/[22m[32m[1msha265.d.ts[22m[39m                [2m 0.19 kB[22m [2m│ gzip: 0.15 kB[22m
[34mℹ[39m 14 files, total: 33.02 kB
[32m✔[39m Build complete in [32m749ms[39m
