

> @antdv-next/pro-listy@1.0.0 build /Users/songchao/Desktop/pro-components-vue/pro-components/packages/listy
> run-s build:esm build:vite:parallel


> @antdv-next/pro-listy@1.0.0 build:esm /Users/songchao/Desktop/pro-components-vue/pro-components/packages/listy
> tsdown --config-loader unrun

[34mℹ[39m [34mtsdown v0.21.9[39m powered by [38;2;255;126;23mrolldown v1.0.0-rc.16[39m
[34mℹ[39m config file: [4m/Users/songchao/Desktop/pro-components-vue/pro-components/packages/listy/tsdown.config.ts[24m (unrun)
[34mℹ[39m entry: [34msrc/InternalProListy.tsx, src/Item.tsx, src/ItemMeta.tsx, src/ProListy.tsx, src/RenderTypings.ts, src/context.ts, src/index.ts, src/typing.ts, src/style/index.ts, src/components/Listy/index.tsx, src/components/Listy/interface.ts, src/components/Listy/hooks/index.ts, src/components/Listy/hooks/useFlattenRows.ts, src/components/Listy/hooks/useGroupSegments.ts, src/components/Listy/hooks/useOnEndReached.ts, src/components/Listy/hooks/useStickyGroupHeader.tsx, src/components/Listy/util/index.ts[39m
[34mℹ[39m tsconfig: [34mtsconfig.json[39m
[34mℹ[39m Build start
[34mℹ[39m Cleaning 41 files
[34mℹ[39m [2mdist/[22m[1mstyle/index.js[22m                                    [2m5.07 kB[22m [2m│ gzip: 1.46 kB[22m
[34mℹ[39m [2mdist/[22m[1mcomponents/Listy/index.js[22m                         [2m3.52 kB[22m [2m│ gzip: 1.26 kB[22m
[34mℹ[39m [2mdist/[22m[1mItem.js[22m                                           [2m3.51 kB[22m [2m│ gzip: 1.25 kB[22m
[34mℹ[39m [2mdist/[22m[1mInternalProListy.js[22m                               [2m2.71 kB[22m [2m│ gzip: 1.03 kB[22m
[34mℹ[39m [2mdist/[22m[1mcomponents/Listy/hooks/useStickyGroupHeader.js[22m    [2m2.33 kB[22m [2m│ gzip: 0.96 kB[22m
[34mℹ[39m [2mdist/[22m[1mcomponents/Listy/hooks/useFlattenRows.js[22m          [2m1.10 kB[22m [2m│ gzip: 0.46 kB[22m
[34mℹ[39m [2mdist/[22m[1mProListy.js[22m                                       [2m1.07 kB[22m [2m│ gzip: 0.52 kB[22m
[34mℹ[39m [2mdist/[22m[1mcomponents/Listy/hooks/useGroupSegments.js[22m        [2m1.05 kB[22m [2m│ gzip: 0.46 kB[22m
[34mℹ[39m [2mdist/[22m[1mcomponents/Listy/hooks/useOnEndReached.js[22m         [2m0.67 kB[22m [2m│ gzip: 0.33 kB[22m
[34mℹ[39m [2mdist/[22m[1mcontext.js[22m                                        [2m0.37 kB[22m [2m│ gzip: 0.19 kB[22m
[34mℹ[39m [2mdist/[22m[1mItemMeta.js[22m                                       [2m0.36 kB[22m [2m│ gzip: 0.24 kB[22m
[34mℹ[39m [2mdist/[22m[1mcomponents/Listy/hooks/index.js[22m                   [2m0.32 kB[22m [2m│ gzip: 0.14 kB[22m
[34mℹ[39m [2mdist/[22m[1mcomponents/Listy/util/index.js[22m                    [2m0.20 kB[22m [2m│ gzip: 0.17 kB[22m
[34mℹ[39m [2mdist/[22m[1mindex.js[22m                                          [2m0.20 kB[22m [2m│ gzip: 0.10 kB[22m
[34mℹ[39m [2mdist/[22m[1mRenderTypings.js[22m                                  [2m0.01 kB[22m [2m│ gzip: 0.03 kB[22m
[34mℹ[39m [2mdist/[22m[1mcomponents/Listy/interface.js[22m                     [2m0.01 kB[22m [2m│ gzip: 0.03 kB[22m
[34mℹ[39m [2mdist/[22m[1mtyping.js[22m                                         [2m0.01 kB[22m [2m│ gzip: 0.03 kB[22m
[34mℹ[39m [2mdist/[22m[32m[1mcomponents/Listy/interface.d.ts[22m[39m                   [2m1.96 kB[22m [2m│ gzip: 0.73 kB[22m
[34mℹ[39m [2mdist/[22m[32m[1mstyle/index.d.ts[22m[39m                                  [2m1.85 kB[22m [2m│ gzip: 0.73 kB[22m
[34mℹ[39m [2mdist/[22m[32m[1mtyping.d.ts[22m[39m                                       [2m1.22 kB[22m [2m│ gzip: 0.55 kB[22m
[34mℹ[39m [2mdist/[22m[32m[1mItem.d.ts[22m[39m                                         [2m0.81 kB[22m [2m│ gzip: 0.37 kB[22m
[34mℹ[39m [2mdist/[22m[32m[1mProListy.d.ts[22m[39m                                     [2m0.81 kB[22m [2m│ gzip: 0.38 kB[22m
[34mℹ[39m [2mdist/[22m[32m[1mcomponents/Listy/hooks/useStickyGroupHeader.d.ts[22m[39m  [2m0.81 kB[22m [2m│ gzip: 0.43 kB[22m
[34mℹ[39m [2mdist/[22m[32m[1mcomponents/Listy/hooks/useFlattenRows.d.ts[22m[39m        [2m0.80 kB[22m [2m│ gzip: 0.38 kB[22m
[34mℹ[39m [2mdist/[22m[32m[1mInternalProListy.d.ts[22m[39m                             [2m0.76 kB[22m [2m│ gzip: 0.37 kB[22m
[34mℹ[39m [2mdist/[22m[32m[1mcomponents/Listy/index.d.ts[22m[39m                       [2m0.74 kB[22m [2m│ gzip: 0.37 kB[22m
[34mℹ[39m [2mdist/[22m[32m[1mcontext.d.ts[22m[39m                                      [2m0.59 kB[22m [2m│ gzip: 0.27 kB[22m
[34mℹ[39m [2mdist/[22m[32m[1mcomponents/Listy/hooks/useGroupSegments.d.ts[22m[39m      [2m0.54 kB[22m [2m│ gzip: 0.31 kB[22m
[34mℹ[39m [2mdist/[22m[32m[1mItemMeta.d.ts[22m[39m                                     [2m0.51 kB[22m [2m│ gzip: 0.27 kB[22m
[34mℹ[39m [2mdist/[22m[32m[1mindex.d.ts[22m[39m                                        [2m0.42 kB[22m [2m│ gzip: 0.18 kB[22m
[34mℹ[39m [2mdist/[22m[32m[1mcomponents/Listy/hooks/index.d.ts[22m[39m                 [2m0.32 kB[22m [2m│ gzip: 0.14 kB[22m
[34mℹ[39m [2mdist/[22m[32m[1mcomponents/Listy/util/index.d.ts[22m[39m                  [2m0.30 kB[22m [2m│ gzip: 0.21 kB[22m
[34mℹ[39m [2mdist/[22m[32m[1mcomponents/Listy/hooks/useOnEndReached.d.ts[22m[39m       [2m0.27 kB[22m [2m│ gzip: 0.18 kB[22m
[34mℹ[39m [2mdist/[22m[32m[1mRenderTypings.d.ts[22m[39m                                [2m0.18 kB[22m [2m│ gzip: 0.16 kB[22m
[34mℹ[39m 34 files, total: 35.40 kB
[32m✔[39m Build complete in [32m2786ms[39m

> @antdv-next/pro-listy@1.0.0 build:vite:parallel /Users/songchao/Desktop/pro-components-vue/pro-components/packages/listy
> run-p build:umd build:full-esm


> @antdv-next/pro-listy@1.0.0 build:umd /Users/songchao/Desktop/pro-components-vue/pro-components/packages/listy
> vite build


> @antdv-next/pro-listy@1.0.0 build:full-esm /Users/songchao/Desktop/pro-components-vue/pro-components/packages/listy
> vite build --config ./vite.esm.config.ts

[36mvite v8.0.9 [32mbuilding client environment for production...[36m[39m
[36mvite v8.0.9 [32mbuilding client environment for production...[36m[39m
[2Ktransforming (4) [2msrc/ProListy.tsx[0m[2Ktransforming (4) [2msrc/ProListy.tsx[0m[2Ktransforming (523) [2m../../node_modules/.pnpm/@v-c+notification@2.0.0_vue@3.5.32_typescript@5.9.3_/node_modu[2Ktransforming (181) [2m../../node_modules/.pnpm/antdv-next@1.3.3_vue@3.5.32_typescript@5.9.3_/node_modules/ant[2Ktransforming (568) [2m../../node_modules/.pnpm/es-toolkit@1.45.1/node_modules/es-toolkit/dist/array/flatMapDe[2Ktransforming (410) [2msrc/components/Listy/index.tsx[0m[2Ktransforming (1610) [2m../../node_modules/.pnpm/@antdv-next+icons@1.0.8_vue@3.5.32_typescript@5.9.3_/node_mod[2Ktransforming (935) [2m../../node_modules/.pnpm/@v-c+steps@1.0.0_vue@3.5.32_typescript@5.9.3_/node_modules/@v-[2Ktransforming (2897) [2m../../node_modules/.pnpm/@ant-design+icons-svg@4.4.2/node_modules/@ant-design/icons-sv[2Ktransforming (2408) [2m../../node_modules/.pnpm/@ant-design+icons-svg@4.4.2/node_modules/@ant-design/icons-sv[2K[32m✓[39m 3685 modules transformed.
[2K[32m✓[39m 3685 modules transformed.
[2Krendering chunks (1)...[2Krendering chunks (1)...[2K[2Kcomputing gzip size...
[2K[2mdist/[0m[36mpro-listy.esm.js  [39m[2m[1m281.65 kB[0m[0m[2m │ gzip: 80.94 kB[0m

[32m✓ built in 827ms[39m
computing gzip size...
[2K[2mdist/[0m[36mpro-listy.js  [39m[2m[1m211.96 kB[0m[0m[2m │ gzip: 71.77 kB[0m

[32m✓ built in 832ms[39m
