

> @antdv-next/pro-card@1.0.0 build /Users/songchao/Desktop/pro-components-vue/pro-components/packages/card
> run-s build:esm build:vite:parallel


> @antdv-next/pro-card@1.0.0 build:esm /Users/songchao/Desktop/pro-components-vue/pro-components/packages/card
> tsdown --config-loader unrun

[34mℹ[39m [34mtsdown v0.21.9[39m powered by [38;2;255;126;23mrolldown v1.0.0-rc.16[39m
[34mℹ[39m config file: [4m/Users/songchao/Desktop/pro-components-vue/pro-components/packages/card/tsdown.config.ts[24m (unrun)
[34mℹ[39m entry: [34msrc/ProCard.tsx, src/index.ts, src/typing.ts, src/style/index.ts, src/components/CheckCard/CheckCard.tsx, src/components/CheckCard/Group.tsx, src/components/CheckCard/index.ts, src/components/StatisticCard/index.tsx, src/components/Statistic/index.tsx, src/components/CheckCard/style/group.ts, src/components/CheckCard/style/index.ts, src/components/StatisticCard/style/index.ts, src/components/Statistic/style/index.ts[39m
[34mℹ[39m tsconfig: [34mtsconfig.json[39m
[34mℹ[39m Build start
[34mℹ[39m Cleaning 24 files
[34mℹ[39m [2mdist/[22m[1mProCard.js[22m                                 [2m12.05 kB[22m [2m│ gzip: 2.97 kB[22m
[34mℹ[39m [2mdist/[22m[1mcomponents/CheckCard/CheckCard.js[22m          [2m 7.66 kB[22m [2m│ gzip: 2.02 kB[22m
[34mℹ[39m [2mdist/[22m[1mcomponents/CheckCard/Group.js[22m              [2m 5.84 kB[22m [2m│ gzip: 1.81 kB[22m
[34mℹ[39m [2mdist/[22m[1mcomponents/CheckCard/style/index.js[22m        [2m 5.59 kB[22m [2m│ gzip: 1.36 kB[22m
[34mℹ[39m [2mdist/[22m[1mcomponents/StatisticCard/index.js[22m          [2m 5.33 kB[22m [2m│ gzip: 1.25 kB[22m
[34mℹ[39m [2mdist/[22m[1mcomponents/Statistic/index.js[22m              [2m 4.45 kB[22m [2m│ gzip: 1.13 kB[22m
[34mℹ[39m [2mdist/[22m[1mstyle/index.js[22m                             [2m 4.14 kB[22m [2m│ gzip: 1.24 kB[22m
[34mℹ[39m [2mdist/[22m[1mcomponents/Statistic/style/index.js[22m        [2m 2.39 kB[22m [2m│ gzip: 0.76 kB[22m
[34mℹ[39m [2mdist/[22m[1mcomponents/StatisticCard/style/index.js[22m    [2m 1.06 kB[22m [2m│ gzip: 0.50 kB[22m
[34mℹ[39m [2mdist/[22m[1mcomponents/CheckCard/style/group.js[22m        [2m 0.96 kB[22m [2m│ gzip: 0.49 kB[22m
[34mℹ[39m [2mdist/[22m[1mindex.js[22m                                   [2m 0.39 kB[22m [2m│ gzip: 0.16 kB[22m
[34mℹ[39m [2mdist/[22m[1mcomponents/CheckCard/index.js[22m              [2m 0.13 kB[22m [2m│ gzip: 0.08 kB[22m
[34mℹ[39m [2mdist/[22m[1mtyping.js[22m                                  [2m 0.01 kB[22m [2m│ gzip: 0.03 kB[22m
[34mℹ[39m [2mdist/[22m[32m[1mcomponents/CheckCard/Group.d.ts[22m[39m            [2m 4.14 kB[22m [2m│ gzip: 1.27 kB[22m
[34mℹ[39m [2mdist/[22m[32m[1mProCard.d.ts[22m[39m                               [2m 3.08 kB[22m [2m│ gzip: 1.35 kB[22m
[34mℹ[39m [2mdist/[22m[32m[1mcomponents/CheckCard/CheckCard.d.ts[22m[39m        [2m 2.03 kB[22m [2m│ gzip: 0.70 kB[22m
[34mℹ[39m [2mdist/[22m[32m[1mcomponents/StatisticCard/index.d.ts[22m[39m        [2m 1.10 kB[22m [2m│ gzip: 0.57 kB[22m
[34mℹ[39m [2mdist/[22m[32m[1mcomponents/Statistic/index.d.ts[22m[39m            [2m 0.87 kB[22m [2m│ gzip: 0.50 kB[22m
[34mℹ[39m [2mdist/[22m[32m[1mindex.d.ts[22m[39m                                 [2m 0.62 kB[22m [2m│ gzip: 0.20 kB[22m
[34mℹ[39m [2mdist/[22m[32m[1mcomponents/CheckCard/style/group.d.ts[22m[39m      [2m 0.56 kB[22m [2m│ gzip: 0.30 kB[22m
[34mℹ[39m [2mdist/[22m[32m[1mcomponents/CheckCard/style/index.d.ts[22m[39m      [2m 0.55 kB[22m [2m│ gzip: 0.30 kB[22m
[34mℹ[39m [2mdist/[22m[32m[1mcomponents/StatisticCard/style/index.d.ts[22m[39m  [2m 0.45 kB[22m [2m│ gzip: 0.26 kB[22m
[34mℹ[39m [2mdist/[22m[32m[1mcomponents/Statistic/style/index.d.ts[22m[39m      [2m 0.44 kB[22m [2m│ gzip: 0.26 kB[22m
[34mℹ[39m [2mdist/[22m[32m[1mstyle/index.d.ts[22m[39m                           [2m 0.29 kB[22m [2m│ gzip: 0.20 kB[22m
[34mℹ[39m [2mdist/[22m[32m[1mcomponents/CheckCard/index.d.ts[22m[39m            [2m 0.23 kB[22m [2m│ gzip: 0.11 kB[22m
[34mℹ[39m [2mdist/[22m[32m[1mtyping.d.ts[22m[39m                                [2m 0.23 kB[22m [2m│ gzip: 0.18 kB[22m
[34mℹ[39m 26 files, total: 64.60 kB
[32m✔[39m Build complete in [32m1628ms[39m

> @antdv-next/pro-card@1.0.0 build:vite:parallel /Users/songchao/Desktop/pro-components-vue/pro-components/packages/card
> run-p build:umd build:full-esm


> @antdv-next/pro-card@1.0.0 build:umd /Users/songchao/Desktop/pro-components-vue/pro-components/packages/card
> vite build


> @antdv-next/pro-card@1.0.0 build:full-esm /Users/songchao/Desktop/pro-components-vue/pro-components/packages/card
> vite build --config ./vite.esm.config.ts

[36mvite v8.0.9 [32mbuilding client environment for production...[36m[39m
[36mvite v8.0.9 [32mbuilding client environment for production...[36m[39m
[2Ktransforming (4) [2msrc/components/StatisticCard/index.tsx[0m[2Ktransforming (4) [2msrc/components/StatisticCard/index.tsx[0m[2Ktransforming (184) [2m../../node_modules/.pnpm/@emotion+unitless@0.7.5/node_modules/@emotion/unitless/dist[2Ktransforming (197) [2m../utils/dist/components/CopyToClipboard/copy/toggle-selection.js[0m[2Ktransforming (622) [2m../../node_modules/.pnpm/antdv-next@1.3.3_vue@3.5.32_typescript@5.9.3_/node_modules/[2Ktransforming (592) [2m../../node_modules/.pnpm/@v-c+table@1.1.3_vue@3.5.32_typescript@5.9.3_/node_modules/[2Ktransforming (1677) [2m../utils/dist/components/FormList/InternalField.js[0m[2Ktransforming (1476) [2m../../node_modules/.pnpm/@antdv-next+icons@1.0.8_vue@3.5.32_typescript@5.9.3_/node_[2Ktransforming (3500) [2m../../node_modules/.pnpm/es-toolkit@1.45.1/node_modules/es-toolkit/dist/compat/arra[2K[32m✓[39m 3762 modules transformed.
[2K[32m✓[39m 3762 modules transformed.
[2Krendering chunks (1)...[2Krendering chunks (1)...[2K[2Kcomputing gzip size...
computing gzip size...
[2K[2mdist/[0m[36mpro-card.esm.js  [39m[33m[1m615.89 kB[0m[39m[2m │ gzip: 159.56 kB[0m

[32m✓ built in 744ms[39m
[2K[2mdist/[0m[36mpro-card.js  [39m[2m[1m470.56 kB[0m[0m[2m │ gzip: 140.12 kB[0m

[32m✓ built in 760ms[39m
