

> @antdv-next/pro-components@1.0.0 build /Users/songchao/Desktop/pro-components-vue/pro-components/packages/components
> run-s build:esm build:vite:parallel


> @antdv-next/pro-components@1.0.0 build:esm /Users/songchao/Desktop/pro-components-vue/pro-components/packages/components
> tsdown --config-loader unrun

[34mℹ[39m [34mtsdown v0.21.9[39m powered by [38;2;255;126;23mrolldown v1.0.0-rc.16[39m
[34mℹ[39m config file: [4m/Users/songchao/Desktop/pro-components-vue/pro-components/packages/components/tsdown.config.ts[24m (unrun)
[34mℹ[39m entry: [34msrc/index.ts, src/version.ts[39m
[34mℹ[39m tsconfig: [34mtsconfig.json[39m
[34mℹ[39m Build start
[34mℹ[39m Cleaning 6 files
[34mℹ[39m [2mdist/[22m[1mversion.js[22m    [2m0.40 kB[22m [2m│ gzip: 0.17 kB[22m
[34mℹ[39m [2mdist/[22m[1mindex.js[22m      [2m0.29 kB[22m [2m│ gzip: 0.12 kB[22m
[34mℹ[39m [2mdist/[22m[32m[1mversion.d.ts[22m[39m  [2m0.41 kB[22m [2m│ gzip: 0.17 kB[22m
[34mℹ[39m [2mdist/[22m[32m[1mindex.d.ts[22m[39m    [2m0.29 kB[22m [2m│ gzip: 0.12 kB[22m
[34mℹ[39m 4 files, total: 1.40 kB
[32m✔[39m Build complete in [32m764ms[39m

> @antdv-next/pro-components@1.0.0 build:vite:parallel /Users/songchao/Desktop/pro-components-vue/pro-components/packages/components
> run-p build:umd build:full-esm


> @antdv-next/pro-components@1.0.0 build:umd /Users/songchao/Desktop/pro-components-vue/pro-components/packages/components
> vite build


> @antdv-next/pro-components@1.0.0 build:full-esm /Users/songchao/Desktop/pro-components-vue/pro-components/packages/components
> vite build --config ./vite.esm.config.ts

[36mvite v8.0.9 [32mbuilding client environment for production...[36m[39m
[36mvite v8.0.9 [32mbuilding client environment for production...[36m[39m
[2Ktransforming (1101) [2m../../node_modules/.pnpm/es-toolkit@1.45.1/node_modules/es-toolkit/dist/array/witho[2Ktransforming (386) [2m../../node_modules/.pnpm/antdv-next@1.3.3_vue@3.5.32_typescript@5.9.3_/node_modules/[2Ktransforming (387) [2m../../node_modules/.pnpm/antdv-next@1.3.3_vue@3.5.32_typescript@5.9.3_/node_modules/[2Ktransforming (2328) [2m../../node_modules/.pnpm/es-toolkit@1.45.1/node_modules/es-toolkit/dist/string/debu[2Ktransforming (1924) [2m../../node_modules/.pnpm/@v-c+select@1.1.0_vue@3.5.32_typescript@5.9.3_/node_module[2Ktransforming (1925) [2m../../node_modules/.pnpm/@antdv-next+icons@1.0.8_vue@3.5.32_typescript@5.9.3_/node_[2K[32m✓[39m 3918 modules transformed.
[2K[32m✓[39m 3906 modules transformed.
[2Krendering chunks (1)...[2Krendering chunks (1)...[2Kcomputing gzip size...
[2K[2K[2mdist/[0m[36mpro-components.esm.js  [39m[33m[1m2,798.38 kB[0m[39m[2m │ gzip: 607.37 kB[0m

[32m✓ built in 580ms[39m
computing gzip size...
[2K[2mdist/[0m[36mpro-components.js  [39m[33m[1m2,116.37 kB[0m[39m[2m │ gzip: 520.57 kB[0m

[2K[1G[33m[33m[MISSING_GLOBAL_NAME] Warning:[0m No name was provided for external module "dayjs/locale/zh-cn.js" in "output.globals" – guessing "dayjs_locale_zh_cn_js".
[39m
[2K[1G[33m[33m[MISSING_GLOBAL_NAME] Warning:[0m No name was provided for external module "dayjs/plugin/customParseFormat.js" in "output.globals" – guessing "dayjs_plugin_customParseFormat_js".
[39m
[2K[1G[33m[33m[MISSING_GLOBAL_NAME] Warning:[0m No name was provided for external module "dayjs/plugin/quarterOfYear.js" in "output.globals" – guessing "dayjs_plugin_quarterOfYear_js".
[39m
[2K[1G[33m[33m[MISSING_GLOBAL_NAME] Warning:[0m No name was provided for external module "dayjs/plugin/weekOfYear.js" in "output.globals" – guessing "dayjs_plugin_weekOfYear_js".
[39m
[2K[1G[33m[33m[MISSING_GLOBAL_NAME] Warning:[0m No name was provided for external module "dayjs/plugin/relativeTime.js" in "output.globals" – guessing "dayjs_plugin_relativeTime_js".
[39m
[2K[1G[33m[33m[MISSING_GLOBAL_NAME] Warning:[0m No name was provided for external module "dayjs/plugin/advancedFormat.js" in "output.globals" – guessing "dayjs_plugin_advancedFormat_js".
[39m
[2K[1G[33m[33m[MISSING_GLOBAL_NAME] Warning:[0m No name was provided for external module "dayjs/plugin/isoWeek.js" in "output.globals" – guessing "dayjs_plugin_isoWeek_js".
[39m
[2K[1G[33m[33m[MISSING_GLOBAL_NAME] Warning:[0m No name was provided for external module "dayjs/plugin/localeData.js" in "output.globals" – guessing "dayjs_plugin_localeData_js".
[39m
[2K[1G[33m[33m[MISSING_GLOBAL_NAME] Warning:[0m No name was provided for external module "dayjs/plugin/localizedFormat.js" in "output.globals" – guessing "dayjs_plugin_localizedFormat_js".
[39m
[2K[1G[33m[33m[MISSING_GLOBAL_NAME] Warning:[0m No name was provided for external module "dayjs/plugin/weekday.js" in "output.globals" – guessing "dayjs_plugin_weekday_js".
[39m
[32m✓ built in 610ms[39m
